Unity Editor version:    2021.3.8f1 (b30333d56e81)
Branch:                  2021.3/staging
Build type:              Release
Batch mode:              YES
System name:             Linux
Distro version:          #49-Ubuntu SMP Thu Aug 4 18:03:25 UTC 2022
Kernel version:          5.15.0-46-generic
Architecture:            x86_64
Available memory:        6836 MB
Using pre-set license
Pro License: YES

(Unity:28645): Gdk-CRITICAL **: 21:52:33.954: gdk_window_get_cursor: assertion 'GDK_IS_WINDOW (window)' failed
Desktop is 1366 x 768 @ 60 Hz
Initialize udev device monitor.

COMMAND LINE ARGUMENTS:
Unity
-adb2
-batchMode
-noUpm
-name
AssetImportWorker1
-projectPath
/home/gary/PrimerExamen
-logFile
Logs/AssetImportWorker1.log
-srvPort
36553
Successfully changed project path to: /home/gary/PrimerExamen
